{"D:\\My old laptop data\\Web Design Learning\\Udemy Course\\My GitHub Repositories\\jest-unit-testing\\cloneArray.js": {"path":"D:\\My old laptop data\\Web Design Learning\\Udemy Course\\My GitHub Repositories\\jest-unit-testing\\cloneArray.js","statementMap":{"0":{"start":{"line":2,"column":2},"end":{"line":2,"column":18}},"1":{"start":{"line":5,"column":0},"end":{"line":5,"column":28}}},"fnMap":{"0":{"name":"cloneArray","decl":{"start":{"line":1,"column":9},"end":{"line":1,"column":19}},"loc":{"start":{"line":1,"column":25},"end":{"line":3,"column":1}},"line":1}},"branchMap":{},"s":{"0":1,"1":1},"f":{"0":1},"b":{},"_coverageSchema":"1a1c01bbd47fc00a2c39e90264f33305004495a9","hash":"474c1a4432ff1d291e3fd32633bcf1682a6b5a5f"}
,"D:\\My old laptop data\\Web Design Learning\\Udemy Course\\My GitHub Repositories\\jest-unit-testing\\sum.js": {"path":"D:\\My old laptop data\\Web Design Learning\\Udemy Course\\My GitHub Repositories\\jest-unit-testing\\sum.js","statementMap":{"0":{"start":{"line":2,"column":2},"end":{"line":2,"column":15}},"1":{"start":{"line":7,"column":0},"end":{"line":7,"column":21}}},"fnMap":{"0":{"name":"sum","decl":{"start":{"line":1,"column":9},"end":{"line":1,"column":12}},"loc":{"start":{"line":1,"column":19},"end":{"line":3,"column":1}},"line":1}},"branchMap":{},"s":{"0":1,"1":1},"f":{"0":1},"b":{},"_coverageSchema":"1a1c01bbd47fc00a2c39e90264f33305004495a9","hash":"403c7963bfad568874259338a86da64b51f5d904"}
}
